<?xml version="1.0" encoding="UTF-8"?>
<testng-results ignored="0" total="1" passed="0" failed="1" skipped="0">
  <reporter-output>
    <line>
      <![CDATA[Mumbai, India]]>
    </line>
    <line>
      <![CDATA[Pune, India]]>
    </line>
    <line>
      <![CDATA[Surat, India]]>
    </line>
    <line>
      <![CDATA[Shirdi, India]]>
    </line>
    <line>
      <![CDATA[Aurangabad, India]]>
    </line>
    <line>
      <![CDATA[Diu, India]]>
    </line>
    <line>
      <![CDATA[Goodnews Bay, United States]]>
    </line>
    <line>
      <![CDATA[Columbus, United States]]>
    </line>
    <line>
      <![CDATA[Hanoi, Vietnam]]>
    </line>
    <line>
      <![CDATA[Coimbatore, India]]>
    </line>
    <line>
      <![CDATA[Indore, India]]>
    </line>
    <line>
      <![CDATA[Hue, Vietnam]]>
    </line>
    <line>
      <![CDATA[Baishan, China]]>
    </line>
    <line>
      <![CDATA[Tanjung Pandan, Indonesia]]>
    </line>
    <line>
      <![CDATA[Baise, China]]>
    </line>
    <line>
      <![CDATA[Required City : Mumbai, India]]>
    </line>
    <line>
      <![CDATA[-----------------------------------------------------------------------------------------------]]>
    </line>
    <line>
      <![CDATA[Hubli, India]]>
    </line>
    <line>
      <![CDATA[Goa, India]]>
    </line>
    <line>
      <![CDATA[Mangalore, India]]>
    </line>
    <line>
      <![CDATA[Belgaum, India]]>
    </line>
    <line>
      <![CDATA[Dublin, Ireland]]>
    </line>
    <line>
      <![CDATA[Kolhapur, India]]>
    </line>
    <line>
      <![CDATA[Lublin, Poland]]>
    </line>
    <line>
      <![CDATA[Santa Maria, United States]]>
    </line>
    <line>
      <![CDATA[Lodz, Poland]]>
    </line>
    <line>
      <![CDATA[Wuhan, China]]>
    </line>
    <line>
      <![CDATA[Yichang, China]]>
    </line>
    <line>
      <![CDATA[Xiangfan, China]]>
    </line>
    <line>
      <![CDATA[Enshi, China]]>
    </line>
    <line>
      <![CDATA[Montreal, Canada]]>
    </line>
    <line>
      <![CDATA[Minneapolis, United States]]>
    </line>
  </reporter-output>
  <suite started-at="2022-04-29T10:44:05 IST" name="Default suite" finished-at="2022-04-29T10:44:31 IST" duration-ms="25669">
    <groups>
    </groups>
    <test started-at="2022-04-29T10:44:05 IST" name="Default test" finished-at="2022-04-29T10:44:31 IST" duration-ms="25669">
      <class name="module1.TC001Test">
        <test-method is-config="true" signature="openTheBrowser()[pri:0, instance:module1.TC001Test@55536d9e]" started-at="2022-04-29T10:44:05 IST" name="openTheBrowser" finished-at="2022-04-29T10:44:12 IST" duration-ms="6876" status="PASS">
          <reporter-output>
          </reporter-output>
        </test-method> <!-- openTheBrowser -->
        <test-method is-config="true" signature="navigateToTheApplication()[pri:0, instance:module1.TC001Test@55536d9e]" started-at="2022-04-29T10:44:12 IST" name="navigateToTheApplication" finished-at="2022-04-29T10:44:19 IST" duration-ms="6634" status="PASS">
          <reporter-output>
          </reporter-output>
        </test-method> <!-- navigateToTheApplication -->
        <test-method signature="hubliToBanglore()[pri:0, instance:module1.TC001Test@55536d9e]" started-at="2022-04-29T10:44:19 IST" name="hubliToBanglore" finished-at="2022-04-29T10:44:29 IST" duration-ms="10950" status="FAIL">
          <exception class="org.openqa.selenium.ElementClickInterceptedException">
            <message>
              <![CDATA[element click intercepted: Element is not clickable at point (926, 572)
  (Session info: chrome=100.0.4896.127)
Build info: version: '3.141.59', revision: 'e82be7d358', time: '2018-11-14T08:17:03'
System info: host: 'INBL01LAP30358', ip: '192.168.172.241', os.name: 'Windows 10', os.arch: 'amd64', os.version: '10.0', java.version: '17.0.1'
Driver info: org.openqa.selenium.chrome.ChromeDriver
Capabilities {acceptInsecureCerts: false, browserName: chrome, browserVersion: 100.0.4896.127, chrome: {chromedriverVersion: 100.0.4896.60 (6a5d10861ce8..., userDataDir: C:\Users\DEVARA~1.SHI\AppDa...}, goog:chromeOptions: {debuggerAddress: localhost:58546}, javascriptEnabled: true, networkConnectionEnabled: false, pageLoadStrategy: normal, platform: WINDOWS, platformName: WINDOWS, proxy: Proxy(), setWindowRect: true, strictFileInteractability: false, timeouts: {implicit: 0, pageLoad: 300000, script: 30000}, unhandledPromptBehavior: dismiss and notify, webauthn:extension:credBlob: true, webauthn:extension:largeBlob: true, webauthn:virtualAuthenticators: true}
Session ID: 97f8f994ebf237ec655d5399d7083ffe]]>
            </message>
            <full-stacktrace>
              <![CDATA[org.openqa.selenium.ElementClickInterceptedException: element click intercepted: Element is not clickable at point (926, 572)
  (Session info: chrome=100.0.4896.127)
Build info: version: '3.141.59', revision: 'e82be7d358', time: '2018-11-14T08:17:03'
System info: host: 'INBL01LAP30358', ip: '192.168.172.241', os.name: 'Windows 10', os.arch: 'amd64', os.version: '10.0', java.version: '17.0.1'
Driver info: org.openqa.selenium.chrome.ChromeDriver
Capabilities {acceptInsecureCerts: false, browserName: chrome, browserVersion: 100.0.4896.127, chrome: {chromedriverVersion: 100.0.4896.60 (6a5d10861ce8..., userDataDir: C:\Users\DEVARA~1.SHI\AppDa...}, goog:chromeOptions: {debuggerAddress: localhost:58546}, javascriptEnabled: true, networkConnectionEnabled: false, pageLoadStrategy: normal, platform: WINDOWS, platformName: WINDOWS, proxy: Proxy(), setWindowRect: true, strictFileInteractability: false, timeouts: {implicit: 0, pageLoad: 300000, script: 30000}, unhandledPromptBehavior: dismiss and notify, webauthn:extension:credBlob: true, webauthn:extension:largeBlob: true, webauthn:virtualAuthenticators: true}
Session ID: 97f8f994ebf237ec655d5399d7083ffe
at java.base/jdk.internal.reflect.NativeConstructorAccessorImpl.newInstance0(Native Method)
at java.base/jdk.internal.reflect.NativeConstructorAccessorImpl.newInstance(NativeConstructorAccessorImpl.java:77)
at java.base/jdk.internal.reflect.DelegatingConstructorAccessorImpl.newInstance(DelegatingConstructorAccessorImpl.java:45)
at java.base/java.lang.reflect.Constructor.newInstanceWithCaller(Constructor.java:499)
at java.base/java.lang.reflect.Constructor.newInstance(Constructor.java:480)
at org.openqa.selenium.remote.http.W3CHttpResponseCodec.createException(W3CHttpResponseCodec.java:187)
at org.openqa.selenium.remote.http.W3CHttpResponseCodec.decode(W3CHttpResponseCodec.java:122)
at org.openqa.selenium.remote.http.W3CHttpResponseCodec.decode(W3CHttpResponseCodec.java:49)
at org.openqa.selenium.remote.HttpCommandExecutor.execute(HttpCommandExecutor.java:158)
at org.openqa.selenium.remote.service.DriverCommandExecutor.execute(DriverCommandExecutor.java:83)
at org.openqa.selenium.remote.RemoteWebDriver.execute(RemoteWebDriver.java:552)
at org.openqa.selenium.remote.RemoteWebElement.execute(RemoteWebElement.java:285)
at org.openqa.selenium.remote.RemoteWebElement.click(RemoteWebElement.java:84)
at java.base/jdk.internal.reflect.NativeMethodAccessorImpl.invoke0(Native Method)
at java.base/jdk.internal.reflect.NativeMethodAccessorImpl.invoke(NativeMethodAccessorImpl.java:77)
at java.base/jdk.internal.reflect.DelegatingMethodAccessorImpl.invoke(DelegatingMethodAccessorImpl.java:43)
at java.base/java.lang.reflect.Method.invoke(Method.java:568)
at org.openqa.selenium.support.pagefactory.internal.LocatingElementHandler.invoke(LocatingElementHandler.java:51)
at jdk.proxy2/jdk.proxy2.$Proxy13.click(Unknown Source)
at module1.TC001Test.hubliToBanglore(TC001Test.java:60)
at java.base/jdk.internal.reflect.NativeMethodAccessorImpl.invoke0(Native Method)
at java.base/jdk.internal.reflect.NativeMethodAccessorImpl.invoke(NativeMethodAccessorImpl.java:77)
at java.base/jdk.internal.reflect.DelegatingMethodAccessorImpl.invoke(DelegatingMethodAccessorImpl.java:43)
at java.base/java.lang.reflect.Method.invoke(Method.java:568)
at org.testng.internal.MethodInvocationHelper.invokeMethod(MethodInvocationHelper.java:132)
at org.testng.internal.TestInvoker.invokeMethod(TestInvoker.java:599)
at org.testng.internal.TestInvoker.invokeTestMethod(TestInvoker.java:174)
at org.testng.internal.MethodRunner.runInSequence(MethodRunner.java:46)
at org.testng.internal.TestInvoker$MethodInvocationAgent.invoke(TestInvoker.java:822)
at org.testng.internal.TestInvoker.invokeTestMethods(TestInvoker.java:147)
at org.testng.internal.TestMethodWorker.invokeTestMethods(TestMethodWorker.java:146)
at org.testng.internal.TestMethodWorker.run(TestMethodWorker.java:128)
at java.base/java.util.ArrayList.forEach(ArrayList.java:1511)
at org.testng.TestRunner.privateRun(TestRunner.java:764)
at org.testng.TestRunner.run(TestRunner.java:585)
at org.testng.SuiteRunner.runTest(SuiteRunner.java:384)
at org.testng.SuiteRunner.runSequentially(SuiteRunner.java:378)
at org.testng.SuiteRunner.privateRun(SuiteRunner.java:337)
at org.testng.SuiteRunner.run(SuiteRunner.java:286)
at org.testng.SuiteRunnerWorker.runSuite(SuiteRunnerWorker.java:53)
at org.testng.SuiteRunnerWorker.run(SuiteRunnerWorker.java:96)
at org.testng.TestNG.runSuitesSequentially(TestNG.java:1218)
at org.testng.TestNG.runSuitesLocally(TestNG.java:1140)
at org.testng.TestNG.runSuites(TestNG.java:1069)
at org.testng.TestNG.run(TestNG.java:1037)
at org.testng.remote.AbstractRemoteTestNG.run(AbstractRemoteTestNG.java:115)
at org.testng.remote.RemoteTestNG.initAndRun(RemoteTestNG.java:251)
at org.testng.remote.RemoteTestNG.main(RemoteTestNG.java:77)
]]>
            </full-stacktrace>
          </exception> <!-- org.openqa.selenium.ElementClickInterceptedException -->
          <reporter-output>
            <line>
              <![CDATA[Mumbai, India]]>
            </line>
            <line>
              <![CDATA[Pune, India]]>
            </line>
            <line>
              <![CDATA[Surat, India]]>
            </line>
            <line>
              <![CDATA[Shirdi, India]]>
            </line>
            <line>
              <![CDATA[Aurangabad, India]]>
            </line>
            <line>
              <![CDATA[Diu, India]]>
            </line>
            <line>
              <![CDATA[Goodnews Bay, United States]]>
            </line>
            <line>
              <![CDATA[Columbus, United States]]>
            </line>
            <line>
              <![CDATA[Hanoi, Vietnam]]>
            </line>
            <line>
              <![CDATA[Coimbatore, India]]>
            </line>
            <line>
              <![CDATA[Indore, India]]>
            </line>
            <line>
              <![CDATA[Hue, Vietnam]]>
            </line>
            <line>
              <![CDATA[Baishan, China]]>
            </line>
            <line>
              <![CDATA[Tanjung Pandan, Indonesia]]>
            </line>
            <line>
              <![CDATA[Baise, China]]>
            </line>
            <line>
              <![CDATA[Required City : Mumbai, India]]>
            </line>
            <line>
              <![CDATA[-----------------------------------------------------------------------------------------------]]>
            </line>
            <line>
              <![CDATA[Hubli, India]]>
            </line>
            <line>
              <![CDATA[Goa, India]]>
            </line>
            <line>
              <![CDATA[Mangalore, India]]>
            </line>
            <line>
              <![CDATA[Belgaum, India]]>
            </line>
            <line>
              <![CDATA[Dublin, Ireland]]>
            </line>
            <line>
              <![CDATA[Kolhapur, India]]>
            </line>
            <line>
              <![CDATA[Lublin, Poland]]>
            </line>
            <line>
              <![CDATA[Santa Maria, United States]]>
            </line>
            <line>
              <![CDATA[Lodz, Poland]]>
            </line>
            <line>
              <![CDATA[Wuhan, China]]>
            </line>
            <line>
              <![CDATA[Yichang, China]]>
            </line>
            <line>
              <![CDATA[Xiangfan, China]]>
            </line>
            <line>
              <![CDATA[Enshi, China]]>
            </line>
            <line>
              <![CDATA[Montreal, Canada]]>
            </line>
            <line>
              <![CDATA[Minneapolis, United States]]>
            </line>
          </reporter-output>
        </test-method> <!-- hubliToBanglore -->
        <test-method is-config="true" signature="closeTheBrowser()[pri:0, instance:module1.TC001Test@55536d9e]" started-at="2022-04-29T10:44:29 IST" name="closeTheBrowser" finished-at="2022-04-29T10:44:31 IST" duration-ms="1149" status="PASS">
          <reporter-output>
          </reporter-output>
        </test-method> <!-- closeTheBrowser -->
      </class> <!-- module1.TC001Test -->
    </test> <!-- Default test -->
  </suite> <!-- Default suite -->
</testng-results>
